build/app/intermediates/manifest_merge_blame_file/debug/processDebugMainManifest/manifest-merger-blame-debug-report.txt
1<?xml version="1.0" encoding="utf-8"?>
2<manifest xmlns:android="http://schemas.android.com/apk/res/android"
3    package="com.websicon.promobonbon"
4    android:versionCode="1"
5    android:versionName="1.0.0" >
6
7    <uses-sdk
8        android:minSdkVersion="21"
9        android:targetSdkVersion="35" />
10    <!--
11         Flutter needs it to communicate with the running application
12         to allow setting breakpoints, to provide hot reload, etc.
13    -->
14    <uses-permission android:name="android.permission.INTERNET" />
14-->src/main/AndroidManifest.xml:7:5-67
14-->src/main/AndroidManifest.xml:7:22-64
15    <uses-permission android:name="android.permission.ACCESS_FINE_LOCATION" />
15-->src/main/AndroidManifest.xml:8:5-79
15-->src/main/AndroidManifest.xml:8:22-76
16    <uses-permission android:name="android.permission.ACCESS_COARSE_LOCATION" />
16-->src/main/AndroidManifest.xml:9:5-81
16-->src/main/AndroidManifest.xml:9:22-78
17    <uses-permission android:name="android.permission.ACCESS_NETWORK_STATE" />
17-->src/main/AndroidManifest.xml:10:5-79
17-->src/main/AndroidManifest.xml:10:22-76
18
19    <queries>
19-->src/main/AndroidManifest.xml:12:5-27:15
20        <intent>
20-->src/main/AndroidManifest.xml:13:9-16:18
21            <action android:name="android.intent.action.VIEW" />
21-->src/main/AndroidManifest.xml:14:13-65
21-->src/main/AndroidManifest.xml:14:21-62
22
23            <data android:scheme="https" />
23-->src/main/AndroidManifest.xml:15:13-44
23-->src/main/AndroidManifest.xml:15:19-41
24        </intent>
25        <intent>
25-->src/main/AndroidManifest.xml:17:9-20:18
26            <action android:name="android.intent.action.DIAL" />
26-->src/main/AndroidManifest.xml:18:13-65
26-->src/main/AndroidManifest.xml:18:21-62
27
28            <data android:scheme="tel" />
28-->src/main/AndroidManifest.xml:15:13-44
28-->src/main/AndroidManifest.xml:15:19-41
29        </intent>
30        <intent>
30-->src/main/AndroidManifest.xml:21:9-24:18
31            <action android:name="android.intent.action.SEND" />
31-->src/main/AndroidManifest.xml:22:13-65
31-->src/main/AndroidManifest.xml:22:21-62
32
33            <data android:mimeType="*/*" />
33-->src/main/AndroidManifest.xml:15:13-44
34        </intent>
35
36        <provider android:authorities="com.facebook.katana.provider.PlatformProvider" />
36-->src/main/AndroidManifest.xml:25:9-89
36-->src/main/AndroidManifest.xml:25:19-86
37
38        <intent>
38-->[:flutter_inappwebview_android] AndroidManifest.xml:8:9-10:18
39            <action android:name="android.support.customtabs.action.CustomTabsService" />
39-->[:flutter_inappwebview_android] AndroidManifest.xml:9:13-90
39-->[:flutter_inappwebview_android] AndroidManifest.xml:9:21-87
40        </intent>
41
42        <package android:name="com.facebook.katana" /> <!-- Needs to be explicitly declared on Android R+ -->
42-->[com.facebook.android:facebook-common:16.0.1] AndroidManifest.xml:18:9-55
42-->[com.facebook.android:facebook-common:16.0.1] AndroidManifest.xml:18:18-52
43        <package android:name="com.google.android.apps.maps" />
43-->[com.google.android.gms:play-services-maps:18.2.0] AndroidManifest.xml:33:9-64
43-->[com.google.android.gms:play-services-maps:18.2.0] AndroidManifest.xml:33:18-61
44    </queries>
45
46    <uses-permission android:name="android.permission.WAKE_LOCK" /> <!-- Permissions options for the `notification` group -->
46-->[:firebase_messaging] AndroidManifest.xml:8:5-68
46-->[:firebase_messaging] AndroidManifest.xml:8:22-65
47    <uses-permission android:name="android.permission.POST_NOTIFICATIONS" /> <!-- Required by older versions of Google Play services to create IID tokens -->
47-->[:firebase_messaging] AndroidManifest.xml:11:5-77
47-->[:firebase_messaging] AndroidManifest.xml:11:22-74
48    <uses-permission android:name="com.google.android.c2dm.permission.RECEIVE" />
48-->[com.google.firebase:firebase-messaging:23.4.1] AndroidManifest.xml:26:5-82
48-->[com.google.firebase:firebase-messaging:23.4.1] AndroidManifest.xml:26:22-79
49    <uses-permission android:name="android.permission.VIBRATE" />
49-->[:flutter_local_notifications] AndroidManifest.xml:7:5-66
49-->[:flutter_local_notifications] AndroidManifest.xml:7:22-63
50
51    <uses-feature
51-->[com.google.android.gms:play-services-maps:18.2.0] AndroidManifest.xml:26:5-28:35
52        android:glEsVersion="0x00020000"
52-->[com.google.android.gms:play-services-maps:18.2.0] AndroidManifest.xml:27:9-41
53        android:required="true" />
53-->[com.google.android.gms:play-services-maps:18.2.0] AndroidManifest.xml:28:9-32
54
55    <uses-permission android:name="com.google.android.finsky.permission.BIND_GET_INSTALL_REFERRER_SERVICE" />
55-->[com.google.android.gms:play-services-measurement:21.6.1] AndroidManifest.xml:26:5-110
55-->[com.google.android.gms:play-services-measurement:21.6.1] AndroidManifest.xml:26:22-107
56    <uses-permission android:name="com.google.android.gms.permission.AD_ID" />
56-->[com.google.android.gms:play-services-measurement-impl:21.6.1] AndroidManifest.xml:27:5-79
56-->[com.google.android.gms:play-services-measurement-impl:21.6.1] AndroidManifest.xml:27:22-76
57    <uses-permission android:name="android.permission.ACCESS_ADSERVICES_ATTRIBUTION" />
57-->[com.google.android.gms:play-services-measurement-api:21.6.1] AndroidManifest.xml:26:5-88
57-->[com.google.android.gms:play-services-measurement-api:21.6.1] AndroidManifest.xml:26:22-85
58    <uses-permission android:name="android.permission.ACCESS_ADSERVICES_AD_ID" />
58-->[com.google.android.gms:play-services-measurement-api:21.6.1] AndroidManifest.xml:27:5-82
58-->[com.google.android.gms:play-services-measurement-api:21.6.1] AndroidManifest.xml:27:22-79
59    <uses-permission android:name="com.google.android.providers.gsf.permission.READ_GSERVICES" />
59-->[com.google.android.recaptcha:recaptcha:18.4.0] AndroidManifest.xml:9:5-98
59-->[com.google.android.recaptcha:recaptcha:18.4.0] AndroidManifest.xml:9:22-95
60
61    <permission
61-->[androidx.core:core:1.13.1] AndroidManifest.xml:22:5-24:47
62        android:name="com.websicon.promobonbon.DYNAMIC_RECEIVER_NOT_EXPORTED_PERMISSION"
62-->[androidx.core:core:1.13.1] AndroidManifest.xml:23:9-81
63        android:protectionLevel="signature" />
63-->[androidx.core:core:1.13.1] AndroidManifest.xml:24:9-44
64
65    <uses-permission android:name="com.websicon.promobonbon.DYNAMIC_RECEIVER_NOT_EXPORTED_PERMISSION" />
65-->[androidx.core:core:1.13.1] AndroidManifest.xml:26:5-97
65-->[androidx.core:core:1.13.1] AndroidManifest.xml:26:22-94
66
67    <application
67-->src/main/AndroidManifest.xml:29:5-112:19
68        android:appComponentFactory="androidx.core.app.CoreComponentFactory"
68-->[androidx.core:core:1.13.1] AndroidManifest.xml:28:18-86
69        android:debuggable="true"
70        android:extractNativeLibs="true"
71        android:icon="@mipmap/ic_launcher"
71-->src/main/AndroidManifest.xml:30:9-43
72        android:label="Promo Bonbon"
72-->src/main/AndroidManifest.xml:33:9-37
73        android:requestLegacyExternalStorage="true"
73-->src/main/AndroidManifest.xml:31:9-52
74        android:supportsRtl="true"
74-->[com.facebook.android:facebook-login:16.0.1] AndroidManifest.xml:16:18-44
75        android:usesCleartextTraffic="true" >
75-->src/main/AndroidManifest.xml:32:9-44
76        android:allowBackup="false"
77        android:fullBackupContent="false"
78        android:extractNativeLibs="true"
79        <meta-data
79-->src/main/AndroidManifest.xml:37:9-39:71
80            android:name="com.google.android.geo.API_KEY"
80-->src/main/AndroidManifest.xml:38:13-58
81            android:value="AIzaSyAg7H2raXacUHyvQc44UntLzY4mAHS2pmo" />
81-->src/main/AndroidManifest.xml:39:13-68
82        <meta-data
82-->src/main/AndroidManifest.xml:40:9-42:55
83            android:name="com.facebook.sdk.ApplicationId"
83-->src/main/AndroidManifest.xml:41:13-58
84            android:value="@string/facebook_app_id" />
84-->src/main/AndroidManifest.xml:42:13-52
85        <meta-data
85-->src/main/AndroidManifest.xml:43:9-45:60
86            android:name="com.facebook.sdk.ClientToken"
86-->src/main/AndroidManifest.xml:44:13-56
87            android:value="@string/facebook_client_token" />
87-->src/main/AndroidManifest.xml:45:13-58
88
89        <activity
89-->src/main/AndroidManifest.xml:47:9-49:47
90            android:name="com.facebook.FacebookActivity"
90-->src/main/AndroidManifest.xml:47:19-63
91            android:configChanges="keyboard|keyboardHidden|screenLayout|screenSize|orientation"
91-->src/main/AndroidManifest.xml:48:13-96
92            android:label="@string/app_name"
92-->src/main/AndroidManifest.xml:49:13-45
93            android:theme="@style/com_facebook_activity_theme" />
93-->[com.facebook.android:facebook-common:16.0.1] AndroidManifest.xml:25:13-63
94        <activity
94-->src/main/AndroidManifest.xml:50:9-59:20
95            android:name="com.facebook.CustomTabActivity"
95-->src/main/AndroidManifest.xml:51:13-58
96            android:exported="true" >
96-->src/main/AndroidManifest.xml:52:13-36
97            <intent-filter>
97-->src/main/AndroidManifest.xml:53:13-58:29
98                <action android:name="android.intent.action.VIEW" />
98-->src/main/AndroidManifest.xml:14:13-65
98-->src/main/AndroidManifest.xml:14:21-62
99
100                <category android:name="android.intent.category.DEFAULT" />
100-->src/main/AndroidManifest.xml:55:17-76
100-->src/main/AndroidManifest.xml:55:27-73
101                <category android:name="android.intent.category.BROWSABLE" />
101-->src/main/AndroidManifest.xml:56:17-78
101-->src/main/AndroidManifest.xml:56:27-75
102
103                <data android:scheme="@string/fb_login_protocol_scheme" />
103-->src/main/AndroidManifest.xml:15:13-44
103-->src/main/AndroidManifest.xml:15:19-41
104            </intent-filter>
105            <intent-filter>
105-->[com.facebook.android:facebook-common:16.0.1] AndroidManifest.xml:31:13-40:29
106                <action android:name="android.intent.action.VIEW" />
106-->src/main/AndroidManifest.xml:14:13-65
106-->src/main/AndroidManifest.xml:14:21-62
107
108                <category android:name="android.intent.category.DEFAULT" />
108-->src/main/AndroidManifest.xml:55:17-76
108-->src/main/AndroidManifest.xml:55:27-73
109                <category android:name="android.intent.category.BROWSABLE" />
109-->src/main/AndroidManifest.xml:56:17-78
109-->src/main/AndroidManifest.xml:56:27-75
110
111                <data
111-->src/main/AndroidManifest.xml:15:13-44
112                    android:host="cct.com.websicon.promobonbon"
113                    android:scheme="fbconnect" />
113-->src/main/AndroidManifest.xml:15:19-41
114            </intent-filter>
115        </activity>
116        <activity
116-->src/main/AndroidManifest.xml:62:9-106:20
117            android:name="com.websicon.promobonbon.MainActivity"
117-->src/main/AndroidManifest.xml:63:13-41
118            android:configChanges="orientation|keyboardHidden|keyboard|screenSize|smallestScreenSize|locale|layoutDirection|fontScale|screenLayout|density|uiMode"
118-->src/main/AndroidManifest.xml:66:13-163
119            android:exported="true"
119-->src/main/AndroidManifest.xml:68:13-36
120            android:hardwareAccelerated="true"
120-->src/main/AndroidManifest.xml:67:13-47
121            android:launchMode="singleTop"
121-->src/main/AndroidManifest.xml:64:13-43
122            android:theme="@style/LaunchTheme"
122-->src/main/AndroidManifest.xml:65:13-47
123            android:windowSoftInputMode="adjustResize" >
123-->src/main/AndroidManifest.xml:69:13-55
124
125            <!--
126                 Specifies an Android theme to apply to this Activity as soon as
127                 the Android process has started. This theme is visible to the user
128                 while the Flutter UI initializes. After that, this theme continues
129                 to determine the Window background behind the Flutter UI.
130            -->
131            <meta-data
131-->src/main/AndroidManifest.xml:74:13-77:19
132                android:name="io.flutter.embedding.android.NormalTheme"
132-->src/main/AndroidManifest.xml:75:17-72
133                android:resource="@style/NormalTheme" />
133-->src/main/AndroidManifest.xml:76:17-54
134            <!--
135                 Displays an Android View that continues showing the launch screen
136                 Drawable until Flutter paints its first frame, then this splash
137                 screen fades out. A splash screen is useful to avoid any visual
138                 gap between the end of Android's launch screen and the painting of
139                 Flutter's first frame.
140            -->
141            <meta-data
141-->src/main/AndroidManifest.xml:83:13-86:19
142                android:name="io.flutter.embedding.android.SplashScreenDrawable"
142-->src/main/AndroidManifest.xml:84:17-81
143                android:resource="@drawable/launch_background" />
143-->src/main/AndroidManifest.xml:85:17-63
144
145            <intent-filter>
145-->src/main/AndroidManifest.xml:87:13-90:29
146                <action android:name="android.intent.action.MAIN" />
146-->src/main/AndroidManifest.xml:88:17-68
146-->src/main/AndroidManifest.xml:88:25-66
147
148                <category android:name="android.intent.category.LAUNCHER" />
148-->src/main/AndroidManifest.xml:89:17-76
148-->src/main/AndroidManifest.xml:89:27-74
149            </intent-filter>
150            <intent-filter>
150-->src/main/AndroidManifest.xml:91:13-94:29
151                <action android:name="FLUTTER_NOTIFICATION_CLICK" />
151-->src/main/AndroidManifest.xml:92:17-69
151-->src/main/AndroidManifest.xml:92:25-66
152
153                <category android:name="android.intent.category.DEFAULT" />
153-->src/main/AndroidManifest.xml:55:17-76
153-->src/main/AndroidManifest.xml:55:27-73
154            </intent-filter>
155
156            <!-- <meta-data android:name="flutter_deeplinking_enabled" android:value="true" /> -->
157            <!-- <intent-filter android:autoVerify="true"> -->
158            <!-- <action android:name="android.intent.action.VIEW" /> -->
159            <!-- <category android:name="android.intent.category.DEFAULT" /> -->
160            <!-- <category android:name="android.intent.category.BROWSABLE" /> -->
161
162
163            <!-- <data android:host="grofresh-dev-web.6amdev.xyz" android:scheme="http" /> -->
164            <!-- <data android:host="grofresh-dev-web.6amdev.xyz" android:scheme="https" /> -->
165
166
167            <!-- </intent-filter> -->
168        </activity>
169        <!--
170             Don't delete the meta-data below.
171             This is used by the Flutter tool to generate GeneratedPluginRegistrant.java
172        -->
173        <meta-data
173-->src/main/AndroidManifest.xml:109:9-111:33
174            android:name="flutterEmbedding"
174-->src/main/AndroidManifest.xml:110:13-44
175            android:value="2" />
175-->src/main/AndroidManifest.xml:111:13-30
176        <!--
177           Declares a provider which allows us to store files to share in
178           '.../caches/share_plus' and grant the receiving action access
179        -->
180        <provider
180-->[:share_plus] AndroidManifest.xml:13:9-21:20
181            android:name="dev.fluttercommunity.plus.share.ShareFileProvider"
181-->[:share_plus] AndroidManifest.xml:14:13-77
182            android:authorities="com.websicon.promobonbon.flutter.share_provider"
182-->[:share_plus] AndroidManifest.xml:15:13-74
183            android:exported="false"
183-->[:share_plus] AndroidManifest.xml:16:13-37
184            android:grantUriPermissions="true" >
184-->[:share_plus] AndroidManifest.xml:17:13-47
185            <meta-data
185-->[:share_plus] AndroidManifest.xml:18:13-20:68
186                android:name="android.support.FILE_PROVIDER_PATHS"
186-->[:share_plus] AndroidManifest.xml:19:17-67
187                android:resource="@xml/flutter_share_file_paths" />
187-->[:share_plus] AndroidManifest.xml:20:17-65
188        </provider>
189        <!--
190           This manifest declared broadcast receiver allows us to use an explicit
191           Intent when creating a PendingItent to be informed of the user's choice
192        -->
193        <receiver
193-->[:share_plus] AndroidManifest.xml:26:9-32:20
194            android:name="dev.fluttercommunity.plus.share.SharePlusPendingIntent"
194-->[:share_plus] AndroidManifest.xml:27:13-82
195            android:exported="false" >
195-->[:share_plus] AndroidManifest.xml:28:13-37
196            <intent-filter>
196-->[:share_plus] AndroidManifest.xml:29:13-31:29
197                <action android:name="EXTRA_CHOSEN_COMPONENT" />
197-->[:share_plus] AndroidManifest.xml:30:17-65
197-->[:share_plus] AndroidManifest.xml:30:25-62
198            </intent-filter>
199        </receiver>
200
201        <service
201-->[:firebase_messaging] AndroidManifest.xml:14:9-17:72
202            android:name="io.flutter.plugins.firebase.messaging.FlutterFirebaseMessagingBackgroundService"
202-->[:firebase_messaging] AndroidManifest.xml:15:13-107
203            android:exported="false"
203-->[:firebase_messaging] AndroidManifest.xml:16:13-37
204            android:permission="android.permission.BIND_JOB_SERVICE" />
204-->[:firebase_messaging] AndroidManifest.xml:17:13-69
205        <service
205-->[:firebase_messaging] AndroidManifest.xml:18:9-24:19
206            android:name="io.flutter.plugins.firebase.messaging.FlutterFirebaseMessagingService"
206-->[:firebase_messaging] AndroidManifest.xml:19:13-97
207            android:exported="false" >
207-->[:firebase_messaging] AndroidManifest.xml:20:13-37
208            <intent-filter>
208-->[:firebase_messaging] AndroidManifest.xml:21:13-23:29
209                <action android:name="com.google.firebase.MESSAGING_EVENT" />
209-->[:firebase_messaging] AndroidManifest.xml:22:17-78
209-->[:firebase_messaging] AndroidManifest.xml:22:25-75
210            </intent-filter>
211        </service>
212
213        <receiver
213-->[:firebase_messaging] AndroidManifest.xml:26:9-33:20
214            android:name="io.flutter.plugins.firebase.messaging.FlutterFirebaseMessagingReceiver"
214-->[:firebase_messaging] AndroidManifest.xml:27:13-98
215            android:exported="true"
215-->[:firebase_messaging] AndroidManifest.xml:28:13-36
216            android:permission="com.google.android.c2dm.permission.SEND" >
216-->[:firebase_messaging] AndroidManifest.xml:29:13-73
217            <intent-filter>
217-->[:firebase_messaging] AndroidManifest.xml:30:13-32:29
218                <action android:name="com.google.android.c2dm.intent.RECEIVE" />
218-->[:firebase_messaging] AndroidManifest.xml:31:17-81
218-->[:firebase_messaging] AndroidManifest.xml:31:25-78
219            </intent-filter>
220        </receiver>
221
222        <service
222-->[:firebase_messaging] AndroidManifest.xml:35:9-39:19
223            android:name="com.google.firebase.components.ComponentDiscoveryService"
223-->[:firebase_messaging] AndroidManifest.xml:35:18-89
224            android:directBootAware="true"
224-->[com.google.firebase:firebase-common:20.4.3] AndroidManifest.xml:32:13-43
225            android:exported="false" >
225-->[com.google.firebase:firebase-messaging:23.4.1] AndroidManifest.xml:56:13-37
226            <meta-data
226-->[:firebase_messaging] AndroidManifest.xml:36:13-38:85
227                android:name="com.google.firebase.components:io.flutter.plugins.firebase.messaging.FlutterFirebaseAppRegistrar"
227-->[:firebase_messaging] AndroidManifest.xml:37:17-128
228                android:value="com.google.firebase.components.ComponentRegistrar" />
228-->[:firebase_messaging] AndroidManifest.xml:38:17-82
229            <meta-data
229-->[:firebase_auth] AndroidManifest.xml:9:13-11:85
230                android:name="com.google.firebase.components:io.flutter.plugins.firebase.auth.FlutterFirebaseAuthRegistrar"
230-->[:firebase_auth] AndroidManifest.xml:10:17-124
231                android:value="com.google.firebase.components.ComponentRegistrar" />
231-->[:firebase_auth] AndroidManifest.xml:11:17-82
232            <meta-data
232-->[:firebase_crashlytics] AndroidManifest.xml:9:13-11:85
233                android:name="com.google.firebase.components:io.flutter.plugins.firebase.crashlytics.FlutterFirebaseAppRegistrar"
233-->[:firebase_crashlytics] AndroidManifest.xml:10:17-130
234                android:value="com.google.firebase.components.ComponentRegistrar" />
234-->[:firebase_crashlytics] AndroidManifest.xml:11:17-82
235            <meta-data
235-->[:firebase_core] AndroidManifest.xml:9:13-11:85
236                android:name="com.google.firebase.components:io.flutter.plugins.firebase.core.FlutterFirebaseCoreRegistrar"
236-->[:firebase_core] AndroidManifest.xml:10:17-124
237                android:value="com.google.firebase.components.ComponentRegistrar" />
237-->[:firebase_core] AndroidManifest.xml:11:17-82
238            <meta-data
238-->[com.google.firebase:firebase-messaging:23.4.1] AndroidManifest.xml:57:13-59:85
239                android:name="com.google.firebase.components:com.google.firebase.messaging.FirebaseMessagingKtxRegistrar"
239-->[com.google.firebase:firebase-messaging:23.4.1] AndroidManifest.xml:58:17-122
240                android:value="com.google.firebase.components.ComponentRegistrar" />
240-->[com.google.firebase:firebase-messaging:23.4.1] AndroidManifest.xml:59:17-82
241            <meta-data
241-->[com.google.firebase:firebase-messaging:23.4.1] AndroidManifest.xml:60:13-62:85
242                android:name="com.google.firebase.components:com.google.firebase.messaging.FirebaseMessagingRegistrar"
242-->[com.google.firebase:firebase-messaging:23.4.1] AndroidManifest.xml:61:17-119
243                android:value="com.google.firebase.components.ComponentRegistrar" />
243-->[com.google.firebase:firebase-messaging:23.4.1] AndroidManifest.xml:62:17-82
244            <meta-data
244-->[com.google.firebase:firebase-auth:22.3.1] AndroidManifest.xml:69:13-71:85
245                android:name="com.google.firebase.components:com.google.firebase.auth.FirebaseAuthRegistrar"
245-->[com.google.firebase:firebase-auth:22.3.1] AndroidManifest.xml:70:17-109
246                android:value="com.google.firebase.components.ComponentRegistrar" />
246-->[com.google.firebase:firebase-auth:22.3.1] AndroidManifest.xml:71:17-82
247            <meta-data
247-->[com.google.firebase:firebase-crashlytics:18.6.3] AndroidManifest.xml:15:13-17:85
248                android:name="com.google.firebase.components:com.google.firebase.crashlytics.FirebaseCrashlyticsKtxRegistrar"
248-->[com.google.firebase:firebase-crashlytics:18.6.3] AndroidManifest.xml:16:17-126
249                android:value="com.google.firebase.components.ComponentRegistrar" />
249-->[com.google.firebase:firebase-crashlytics:18.6.3] AndroidManifest.xml:17:17-82
250            <meta-data
250-->[com.google.firebase:firebase-crashlytics:18.6.3] AndroidManifest.xml:18:13-20:85
251                android:name="com.google.firebase.components:com.google.firebase.crashlytics.CrashlyticsRegistrar"
251-->[com.google.firebase:firebase-crashlytics:18.6.3] AndroidManifest.xml:19:17-115
252                android:value="com.google.firebase.components.ComponentRegistrar" />
252-->[com.google.firebase:firebase-crashlytics:18.6.3] AndroidManifest.xml:20:17-82
253            <meta-data
253-->[com.google.android.gms:play-services-measurement-api:21.6.1] AndroidManifest.xml:37:13-39:85
254                android:name="com.google.firebase.components:com.google.firebase.analytics.connector.internal.AnalyticsConnectorRegistrar"
254-->[com.google.android.gms:play-services-measurement-api:21.6.1] AndroidManifest.xml:38:17-139
255                android:value="com.google.firebase.components.ComponentRegistrar" />
255-->[com.google.android.gms:play-services-measurement-api:21.6.1] AndroidManifest.xml:39:17-82
256            <meta-data
256-->[com.google.firebase:firebase-sessions:1.2.3] AndroidManifest.xml:29:13-31:85
257                android:name="com.google.firebase.components:com.google.firebase.sessions.FirebaseSessionsRegistrar"
257-->[com.google.firebase:firebase-sessions:1.2.3] AndroidManifest.xml:30:17-117
258                android:value="com.google.firebase.components.ComponentRegistrar" />
258-->[com.google.firebase:firebase-sessions:1.2.3] AndroidManifest.xml:31:17-82
259            <meta-data
259-->[com.google.firebase:firebase-installations:17.2.0] AndroidManifest.xml:15:13-17:85
260                android:name="com.google.firebase.components:com.google.firebase.installations.FirebaseInstallationsKtxRegistrar"
260-->[com.google.firebase:firebase-installations:17.2.0] AndroidManifest.xml:16:17-130
261                android:value="com.google.firebase.components.ComponentRegistrar" />
261-->[com.google.firebase:firebase-installations:17.2.0] AndroidManifest.xml:17:17-82
262            <meta-data
262-->[com.google.firebase:firebase-installations:17.2.0] AndroidManifest.xml:18:13-20:85
263                android:name="com.google.firebase.components:com.google.firebase.installations.FirebaseInstallationsRegistrar"
263-->[com.google.firebase:firebase-installations:17.2.0] AndroidManifest.xml:19:17-127
264                android:value="com.google.firebase.components.ComponentRegistrar" />
264-->[com.google.firebase:firebase-installations:17.2.0] AndroidManifest.xml:20:17-82
265            <meta-data
265-->[com.google.firebase:firebase-common-ktx:20.4.3] AndroidManifest.xml:12:13-14:85
266                android:name="com.google.firebase.components:com.google.firebase.ktx.FirebaseCommonLegacyRegistrar"
266-->[com.google.firebase:firebase-common-ktx:20.4.3] AndroidManifest.xml:13:17-116
267                android:value="com.google.firebase.components.ComponentRegistrar" />
267-->[com.google.firebase:firebase-common-ktx:20.4.3] AndroidManifest.xml:14:17-82
268            <meta-data
268-->[com.google.firebase:firebase-common:20.4.3] AndroidManifest.xml:35:13-37:85
269                android:name="com.google.firebase.components:com.google.firebase.FirebaseCommonKtxRegistrar"
269-->[com.google.firebase:firebase-common:20.4.3] AndroidManifest.xml:36:17-109
270                android:value="com.google.firebase.components.ComponentRegistrar" />
270-->[com.google.firebase:firebase-common:20.4.3] AndroidManifest.xml:37:17-82
271            <meta-data
271-->[com.google.firebase:firebase-datatransport:18.1.8] AndroidManifest.xml:27:13-29:85
272                android:name="com.google.firebase.components:com.google.firebase.datatransport.TransportRegistrar"
272-->[com.google.firebase:firebase-datatransport:18.1.8] AndroidManifest.xml:28:17-115
273                android:value="com.google.firebase.components.ComponentRegistrar" />
273-->[com.google.firebase:firebase-datatransport:18.1.8] AndroidManifest.xml:29:17-82
274        </service>
275
276        <provider
276-->[:firebase_messaging] AndroidManifest.xml:41:9-45:38
277            android:name="io.flutter.plugins.firebase.messaging.FlutterFirebaseMessagingInitProvider"
277-->[:firebase_messaging] AndroidManifest.xml:42:13-102
278            android:authorities="com.websicon.promobonbon.flutterfirebasemessaginginitprovider"
278-->[:firebase_messaging] AndroidManifest.xml:43:13-88
279            android:exported="false"
279-->[:firebase_messaging] AndroidManifest.xml:44:13-37
280            android:initOrder="99" />
280-->[:firebase_messaging] AndroidManifest.xml:45:13-35
281
282        <receiver
282-->[com.google.firebase:firebase-messaging:23.4.1] AndroidManifest.xml:29:9-40:20
283            android:name="com.google.firebase.iid.FirebaseInstanceIdReceiver"
283-->[com.google.firebase:firebase-messaging:23.4.1] AndroidManifest.xml:30:13-78
284            android:exported="true"
284-->[com.google.firebase:firebase-messaging:23.4.1] AndroidManifest.xml:31:13-36
285            android:permission="com.google.android.c2dm.permission.SEND" >
285-->[com.google.firebase:firebase-messaging:23.4.1] AndroidManifest.xml:32:13-73
286            <intent-filter>
286-->[:firebase_messaging] AndroidManifest.xml:30:13-32:29
287                <action android:name="com.google.android.c2dm.intent.RECEIVE" />
287-->[:firebase_messaging] AndroidManifest.xml:31:17-81
287-->[:firebase_messaging] AndroidManifest.xml:31:25-78
288            </intent-filter>
289
290            <meta-data
290-->[com.google.firebase:firebase-messaging:23.4.1] AndroidManifest.xml:37:13-39:40
291                android:name="com.google.android.gms.cloudmessaging.FINISHED_AFTER_HANDLED"
291-->[com.google.firebase:firebase-messaging:23.4.1] AndroidManifest.xml:38:17-92
292                android:value="true" />
292-->[com.google.firebase:firebase-messaging:23.4.1] AndroidManifest.xml:39:17-37
293        </receiver>
294        <!--
295             FirebaseMessagingService performs security checks at runtime,
296             but set to not exported to explicitly avoid allowing another app to call it.
297        -->
298        <service
298-->[com.google.firebase:firebase-messaging:23.4.1] AndroidManifest.xml:46:9-53:19
299            android:name="com.google.firebase.messaging.FirebaseMessagingService"
299-->[com.google.firebase:firebase-messaging:23.4.1] AndroidManifest.xml:47:13-82
300            android:directBootAware="true"
300-->[com.google.firebase:firebase-messaging:23.4.1] AndroidManifest.xml:48:13-43
301            android:exported="false" >
301-->[com.google.firebase:firebase-messaging:23.4.1] AndroidManifest.xml:49:13-37
302            <intent-filter android:priority="-500" >
302-->[:firebase_messaging] AndroidManifest.xml:21:13-23:29
303                <action android:name="com.google.firebase.MESSAGING_EVENT" />
303-->[:firebase_messaging] AndroidManifest.xml:22:17-78
303-->[:firebase_messaging] AndroidManifest.xml:22:25-75
304            </intent-filter>
305        </service>
306
307        <activity